Sep 10 13:56:36.236 ERRO wasm-bindgen failed to execute properly. stderr:

error: failed to extract wasm-bindgen custom sections
	caused by: 

it looks like the Rust project used to create this wasm file was linked against
a different version of wasm-bindgen than this binary:

  rust wasm file: 0.2.19
     this binary: 0.2.21

Currently the bindgen format is unstable enough that these two version must
exactly match, so it's required that these two version are kept in sync by
either updating the wasm-bindgen dependency or this binary. You should be able
to update the wasm-bindgen dependency with:

    cargo update -p wasm-bindgen

or you can update the binary with

    cargo install -f wasm-bindgen-cli

if this warning fails to go away though and you're not sure what to do feel free
to open an issue at https://github.com/rustwasm/wasm-bindgen/issues!


Sep 10 15:34:59.465 ERRO Compilation of your program failed. stderr:

   Compiling proc-macro2 v0.4.17
   Compiling unicode-xid v0.1.0
   Compiling version_check v0.1.4
   Compiling serde v1.0.76
   Compiling ryu v0.2.6
   Compiling wasm-bindgen-shared v0.2.21
   Compiling cfg-if v0.1.5
   Compiling itoa v0.4.2
   Compiling wasm-bindgen v0.2.21
   Compiling log v0.4.5
   Compiling lazy_static v1.1.0
   Compiling quote v0.6.8
   Compiling syn v0.14.9
   Compiling syn v0.15.3
   Compiling serde_derive v1.0.76
   Compiling serde_json v1.0.26
   Compiling wasm-bindgen-backend v0.2.21
   Compiling wasm-bindgen-macro-support v0.2.21
   Compiling wasm-bindgen-macro v0.2.21
   Compiling wasm-rust v0.1.0 (file:///home/js2/project/wasm-rust)
error[E0412]: cannot find type `srt` in this scope
  --> src/lib.rs:11:1
   |
11 | #[wasm_bindgen]
   | ^^^^^^^^^^^^^^^ not found in this scope

warning: unused imports: `Error`, `Value`
 --> src/lib.rs:8:18
  |
8 | use serde_json::{Value, Error};
  |                  ^^^^^  ^^^^^
  |
  = note: #[warn(unused_imports)] on by default

error: aborting due to previous error

For more information about this error, try `rustc --explain E0412`.
error: Could not compile `wasm-rust`.

To learn more, run the command again with --verbose.

Sep 10 15:38:25.053 ERRO Compilation of your program failed. stderr:

   Compiling wasm-rust v0.1.0 (file:///home/js2/project/wasm-rust)
error: expected one of `.`, `;`, `?`, or an operator, found `log`
  --> src/lib.rs:22:3
   |
20 |   let v: Value = serde_json::from_str(data)?
   |                                             - expected one of `.`, `;`, `?`, or an operator here
21 | 
22 |   log(v["name"])
   |   ^^^ unexpected token

error[E0412]: cannot find type `srt` in this scope
  --> src/lib.rs:11:1
   |
11 | #[wasm_bindgen]
   | ^^^^^^^^^^^^^^^ not found in this scope

warning: unused imports: `Error`, `Value`
 --> src/lib.rs:8:18
  |
8 | use serde_json::{Value, Error};
  |                  ^^^^^  ^^^^^
  |
  = note: #[warn(unused_imports)] on by default

error: aborting due to 2 previous errors

For more information about this error, try `rustc --explain E0412`.
error: Could not compile `wasm-rust`.

To learn more, run the command again with --verbose.

Sep 10 15:38:35.133 ERRO Compilation of your program failed. stderr:

   Compiling wasm-rust v0.1.0 (file:///home/js2/project/wasm-rust)
error: expected one of `.`, `;`, `?`, or an operator, found `log`
  --> src/lib.rs:22:3
   |
20 |   let v: Value = serde_json::from_str(data)?
   |                                             - expected one of `.`, `;`, `?`, or an operator here
21 | 
22 |   log(v["name"])
   |   ^^^ unexpected token

error[E0412]: cannot find type `srt` in this scope
  --> src/lib.rs:11:1
   |
11 | #[wasm_bindgen]
   | ^^^^^^^^^^^^^^^ not found in this scope

error: aborting due to 2 previous errors

For more information about this error, try `rustc --explain E0412`.
error: Could not compile `wasm-rust`.

To learn more, run the command again with --verbose.

Sep 10 15:38:52.401 ERRO Compilation of your program failed. stderr:

   Compiling wasm-rust v0.1.0 (file:///home/js2/project/wasm-rust)
error: expected one of `.`, `;`, `?`, or an operator, found `log`
  --> src/lib.rs:23:3
   |
21 |   let v: Value = serde_json::from_str(data)?
   |                                             - expected one of `.`, `;`, `?`, or an operator here
22 | 
23 |   log(v["name"])
   |   ^^^ unexpected token

error[E0412]: cannot find type `srt` in this scope
  --> src/lib.rs:12:1
   |
12 | #[wasm_bindgen]
   | ^^^^^^^^^^^^^^^ not found in this scope

warning: unused imports: `Error`, `Value`
 --> src/lib.rs:8:18
  |
8 | use serde_json::{Value, Error};
  |                  ^^^^^  ^^^^^
  |
  = note: #[warn(unused_imports)] on by default

error: aborting due to 2 previous errors

For more information about this error, try `rustc --explain E0412`.
error: Could not compile `wasm-rust`.

To learn more, run the command again with --verbose.

Sep 10 15:39:16.754 ERRO Compilation of your program failed. stderr:

   Compiling wasm-rust v0.1.0 (file:///home/js2/project/wasm-rust)
error: expected one of `.`, `;`, `?`, or an operator, found `log`
  --> src/lib.rs:23:3
   |
21 |   let v: Value = serde_json::from_str(json)?
   |                                             - expected one of `.`, `;`, `?`, or an operator here
22 | 
23 |   log(v["name"])
   |   ^^^ unexpected token

error[E0412]: cannot find type `srt` in this scope
  --> src/lib.rs:12:1
   |
12 | #[wasm_bindgen]
   | ^^^^^^^^^^^^^^^ not found in this scope

warning: unused imports: `Error`, `Value`
 --> src/lib.rs:8:18
  |
8 | use serde_json::{Value, Error};
  |                  ^^^^^  ^^^^^
  |
  = note: #[warn(unused_imports)] on by default

error: aborting due to 2 previous errors

For more information about this error, try `rustc --explain E0412`.
error: Could not compile `wasm-rust`.

To learn more, run the command again with --verbose.

Sep 10 15:39:20.892 ERRO Compilation of your program failed. stderr:

   Compiling wasm-rust v0.1.0 (file:///home/js2/project/wasm-rust)
error: expected one of `.`, `;`, `?`, or an operator, found `log`
  --> src/lib.rs:23:3
   |
21 |   let v: Value = serde_json::from_str(json)?
   |                                             - expected one of `.`, `;`, `?`, or an operator here
22 | 
23 |   log(v["name"])
   |   ^^^ unexpected token

error[E0412]: cannot find type `srt` in this scope
  --> src/lib.rs:12:1
   |
12 | #[wasm_bindgen]
   | ^^^^^^^^^^^^^^^ not found in this scope

warning: unused imports: `Error`, `Value`
 --> src/lib.rs:8:18
  |
8 | use serde_json::{Value, Error};
  |                  ^^^^^  ^^^^^
  |
  = note: #[warn(unused_imports)] on by default

error: aborting due to 2 previous errors

For more information about this error, try `rustc --explain E0412`.
error: Could not compile `wasm-rust`.

To learn more, run the command again with --verbose.

Sep 10 15:41:34.416 ERRO Compilation of your program failed. stderr:

   Compiling wasm-rust v0.1.0 (file:///home/js2/project/wasm-rust)
error: cannot find macro `log!` in this scope
  --> src/lib.rs:33:5
   |
33 |     log!("Please call {} at the number {}", v["name"], v["phones"][0]);
   |     ^^^

error[E0412]: cannot find type `srt` in this scope
  --> src/lib.rs:12:1
   |
12 | #[wasm_bindgen]
   | ^^^^^^^^^^^^^^^ not found in this scope

error: aborting due to 2 previous errors

For more information about this error, try `rustc --explain E0412`.
error: Could not compile `wasm-rust`.

To learn more, run the command again with --verbose.

Sep 10 15:41:53.183 ERRO Compilation of your program failed. stderr:

   Compiling wasm-rust v0.1.0 (file:///home/js2/project/wasm-rust)
error: cannot find macro `log!` in this scope
  --> src/lib.rs:33:5
   |
33 |     log!("Please call {} at the number {}", v["name"], v["phones"][0]);
   |     ^^^

error[E0412]: cannot find type `srt` in this scope
  --> src/lib.rs:12:1
   |
12 | #[wasm_bindgen]
   | ^^^^^^^^^^^^^^^ not found in this scope

error: aborting due to 2 previous errors

For more information about this error, try `rustc --explain E0412`.
error: Could not compile `wasm-rust`.

To learn more, run the command again with --verbose.

Sep 10 15:42:16.075 ERRO Compilation of your program failed. stderr:

   Compiling wasm-rust v0.1.0 (file:///home/js2/project/wasm-rust)
error: expected one of `.`, `;`, `?`, or an operator, found `log`
  --> src/lib.rs:23:3
   |
21 |   let v: Value = serde_json::from_str(json)?
   |                                             - expected one of `.`, `;`, `?`, or an operator here
22 | 
23 |   log(v["name"])
   |   ^^^ unexpected token

error[E0412]: cannot find type `srt` in this scope
  --> src/lib.rs:12:1
   |
12 | #[wasm_bindgen]
   | ^^^^^^^^^^^^^^^ not found in this scope

warning: unused imports: `Error`, `Value`
 --> src/lib.rs:8:18
  |
8 | use serde_json::{Value, Error};
  |                  ^^^^^  ^^^^^
  |
  = note: #[warn(unused_imports)] on by default

error: aborting due to 2 previous errors

For more information about this error, try `rustc --explain E0412`.
error: Could not compile `wasm-rust`.

To learn more, run the command again with --verbose.

Sep 10 15:43:52.041 ERRO Compilation of your program failed. stderr:

   Compiling wasm-rust v0.1.0 (file:///home/js2/project/wasm-rust)
error: expected one of `.`, `;`, `?`, or an operator, found `log`
  --> src/lib.rs:23:3
   |
21 |   let v: Value = serde_json::from_str(json)?
   |                                             - expected one of `.`, `;`, `?`, or an operator here
22 | 
23 |   log(v["name"])
   |   ^^^ unexpected token

error[E0412]: cannot find type `srt` in this scope
  --> src/lib.rs:12:1
   |
12 | #[wasm_bindgen]
   | ^^^^^^^^^^^^^^^ not found in this scope

warning: unused imports: `Error`, `Value`
 --> src/lib.rs:8:18
  |
8 | use serde_json::{Value, Error};
  |                  ^^^^^  ^^^^^
  |
  = note: #[warn(unused_imports)] on by default

error: aborting due to 2 previous errors

For more information about this error, try `rustc --explain E0412`.
error: Could not compile `wasm-rust`.

To learn more, run the command again with --verbose.

Sep 10 15:44:56.464 ERRO Compilation of your program failed. stderr:

   Compiling wasm-rust v0.1.0 (file:///home/js2/project/wasm-rust)
error: expected one of `.`, `;`, `?`, or an operator, found `log`
  --> src/lib.rs:23:3
   |
21 |   let v: Value = serde_json::from_str(json)?
   |                                             - expected one of `.`, `;`, `?`, or an operator here
22 | 
23 |   log!(v["name"])
   |   ^^^ unexpected token

error[E0412]: cannot find type `srt` in this scope
  --> src/lib.rs:12:1
   |
12 | #[wasm_bindgen]
   | ^^^^^^^^^^^^^^^ not found in this scope

warning: unused imports: `Error`, `Value`
 --> src/lib.rs:8:18
  |
8 | use serde_json::{Value, Error};
  |                  ^^^^^  ^^^^^
  |
  = note: #[warn(unused_imports)] on by default

error: aborting due to 2 previous errors

For more information about this error, try `rustc --explain E0412`.
error: Could not compile `wasm-rust`.

To learn more, run the command again with --verbose.

Sep 10 15:45:58.169 ERRO Compilation of your program failed. stderr:

   Compiling wasm-rust v0.1.0 (file:///home/js2/project/wasm-rust)
error: expected one of `.`, `;`, `?`, or an operator, found `log`
  --> src/lib.rs:27:3
   |
25 |   let v: Value = serde_json::from_str(json)?
   |                                             - expected one of `.`, `;`, `?`, or an operator here
26 | 
27 |   log!(v["name"])
   |   ^^^ unexpected token

error[E0412]: cannot find type `srt` in this scope
  --> src/lib.rs:12:1
   |
12 | #[wasm_bindgen]
   | ^^^^^^^^^^^^^^^ not found in this scope

warning: unused imports: `Error`, `Value`
 --> src/lib.rs:8:18
  |
8 | use serde_json::{Value, Error};
  |                  ^^^^^  ^^^^^
  |
  = note: #[warn(unused_imports)] on by default

warning: unused macro definition
  --> src/lib.rs:19:1
   |
19 | / macro_rules! log {
20 | |     ($($t:tt)*) => (log(&format!($($t)*)))
21 | | }
   | |_^
   |
   = note: #[warn(unused_macros)] on by default

error: aborting due to 2 previous errors

For more information about this error, try `rustc --explain E0412`.
error: Could not compile `wasm-rust`.

To learn more, run the command again with --verbose.

Sep 10 15:46:19.604 ERRO Compilation of your program failed. stderr:

   Compiling wasm-rust v0.1.0 (file:///home/js2/project/wasm-rust)
error: expected one of `.`, `;`, `?`, or an operator, found `log`
  --> src/lib.rs:27:3
   |
25 |   let v: Value = serde_json::from_str(json)?
   |                                             - expected one of `.`, `;`, `?`, or an operator here
26 | 
27 |   log!(v["name"])
   |   ^^^ unexpected token

warning: unused imports: `Error`, `Value`
 --> src/lib.rs:8:18
  |
8 | use serde_json::{Value, Error};
  |                  ^^^^^  ^^^^^
  |
  = note: #[warn(unused_imports)] on by default

warning: unused macro definition
  --> src/lib.rs:19:1
   |
19 | / macro_rules! log {
20 | |   ($($t:tt)*) => (log(&format!($($t)*)))
21 | | }
   | |_^
   |
   = note: #[warn(unused_macros)] on by default

error: aborting due to previous error

error: Could not compile `wasm-rust`.

To learn more, run the command again with --verbose.

Sep 10 15:47:12.835 ERRO Compilation of your program failed. stderr:

   Compiling serde v1.0.76
   Compiling ryu v0.2.6
   Compiling serde_json v1.0.26
   Compiling wasm-rust v0.1.0 (file:///home/js2/project/wasm-rust)
error: expected one of `.`, `;`, `?`, or an operator, found `log`
  --> src/lib.rs:27:3
   |
25 |   let v: Value = serde_json::from_str(json)?
   |                                             - expected one of `.`, `;`, `?`, or an operator here
26 | 
27 |   log!(v["name"])
   |   ^^^ unexpected token

warning: unused imports: `Error`, `Value`
 --> src/lib.rs:8:18
  |
8 | use serde_json::{Value, Error};
  |                  ^^^^^  ^^^^^
  |
  = note: #[warn(unused_imports)] on by default

warning: unused macro definition
  --> src/lib.rs:19:1
   |
19 | / macro_rules! log {
20 | |   ($($t:tt)*) => (log(&format!($($t)*)))
21 | | }
   | |_^
   |
   = note: #[warn(unused_macros)] on by default

error: aborting due to previous error

error: Could not compile `wasm-rust`.

To learn more, run the command again with --verbose.

Sep 10 15:48:16.597 ERRO Compilation of your program failed. stderr:

   Compiling wasm-rust v0.1.0 (file:///home/js2/project/wasm-rust)
error: expected one of `.`, `;`, `?`, or an operator, found `log`
  --> src/lib.rs:27:3
   |
25 |   let v: Value = serde_json::from_str(json)?
   |                                             - expected one of `.`, `;`, `?`, or an operator here
26 | 
27 |   log!("name: {}", v["name"])
   |   ^^^ unexpected token

warning: unused imports: `Error`, `Value`
 --> src/lib.rs:8:18
  |
8 | use serde_json::{Value, Error};
  |                  ^^^^^  ^^^^^
  |
  = note: #[warn(unused_imports)] on by default

warning: unused macro definition
  --> src/lib.rs:19:1
   |
19 | / macro_rules! log {
20 | |   ($($t:tt)*) => (log(&format!($($t)*)))
21 | | }
   | |_^
   |
   = note: #[warn(unused_macros)] on by default

error: aborting due to previous error

error: Could not compile `wasm-rust`.

To learn more, run the command again with --verbose.

Sep 10 15:49:10.619 ERRO Compilation of your program failed. stderr:

   Compiling wasm-rust v0.1.0 (file:///home/js2/project/wasm-rust)
warning: unused import: `Error`
 --> src/lib.rs:8:25
  |
8 | use serde_json::{Value, Error};
  |                         ^^^^^
  |
  = note: #[warn(unused_imports)] on by default

error[E0277]: the `?` operator can only be used in a function that returns `Result` or `Option` (or another type that implements `std::ops::Try`)
  --> src/lib.rs:25:18
   |
25 |   let v: Value = serde_json::from_str(json)?;
   |                  ^^^^^^^^^^^^^^^^^^^^^^^^^^^ cannot use the `?` operator in a function that returns `()`
   |
   = help: the trait `std::ops::Try` is not implemented for `()`
   = note: required by `std::ops::Try::from_error`

error: aborting due to previous error

For more information about this error, try `rustc --explain E0277`.
error: Could not compile `wasm-rust`.

To learn more, run the command again with --verbose.

Sep 10 16:13:30.252 ERRO Compilation of your program failed. stderr:

   Compiling wasm-rust v0.1.0 (file:///home/js2/project/wasm-rust)
warning: unused import: `Error`
 --> src/lib.rs:8:25
  |
8 | use serde_json::{Value, Error};
  |                         ^^^^^
  |
  = note: #[warn(unused_imports)] on by default

error[E0277]: the `?` operator can only be used in a function that returns `Result` or `Option` (or another type that implements `std::ops::Try`)
  --> src/lib.rs:25:18
   |
25 |   let v: Value = serde_json::from_str(json)?;
   |                  ^^^^^^^^^^^^^^^^^^^^^^^^^^^ cannot use the `?` operator in a function that returns `()`
   |
   = help: the trait `std::ops::Try` is not implemented for `()`
   = note: required by `std::ops::Try::from_error`

error: aborting due to previous error

For more information about this error, try `rustc --explain E0277`.
error: Could not compile `wasm-rust`.

To learn more, run the command again with --verbose.

Sep 10 16:26:43.933 ERRO Compilation of your program failed. stderr:

   Compiling wasm-rust v0.1.0 (file:///home/js2/project/wasm-rust)
warning: unused import: `Error`
 --> src/lib.rs:8:25
  |
8 | use serde_json::{Value, Error};
  |                         ^^^^^
  |
  = note: #[warn(unused_imports)] on by default

error[E0277]: the trait bound `str: wasm_bindgen::convert::IntoWasmAbi` is not satisfied
  --> src/lib.rs:23:1
   |
23 | #[wasm_bindgen]
   | ^^^^^^^^^^^^^^^ the trait `wasm_bindgen::convert::IntoWasmAbi` is not implemented for `str`
   |
   = help: the following implementations were found:
             <&'a str as wasm_bindgen::convert::IntoWasmAbi>

error: aborting due to previous error

For more information about this error, try `rustc --explain E0277`.
error: Could not compile `wasm-rust`.

To learn more, run the command again with --verbose.

Sep 10 16:35:40.803 ERRO Compilation of your program failed. stderr:

   Compiling wasm-rust v0.1.0 (file:///home/js2/project/wasm-rust)
error[E0308]: mismatched types
  --> src/lib.rs:45:3
   |
45 |   untyped_example()
   |   ^^^^^^^^^^^^^^^^^ expected (), found enum `std::result::Result`
   |
   = note: expected type `()`
              found type `std::result::Result<(), serde_json::Error>`
help: try adding a semicolon
   |
45 |   untyped_example();
   |                    ^
help: try adding a return type
   |
44 | pub fn controllSumJSON(json: &str) -> std::result::Result<(), serde_json::Error> {
   |                                    ^^^^^^^^^^^^^^^^^^^^^^^^^^^^^^^^^^^^^^^^^^^^^

error: aborting due to previous error

For more information about this error, try `rustc --explain E0308`.
error: Could not compile `wasm-rust`.

To learn more, run the command again with --verbose.

Sep 10 18:02:29.611 ERRO Compilation of your program failed. stderr:

   Compiling wasm-rust v0.1.0 (file:///home/js2/project/wasm-rust)
error: expected one of `:` or `@`, found `)`
  --> src/lib.rs:23:24
   |
23 | fn untyped_example(json) -> Result<str, Error> {
   |                        ^ expected one of `:` or `@` here

error[E0425]: cannot find value `json` in this scope
  --> src/lib.rs:26:41
   |
26 |     let v: Value = serde_json::from_str(json)?;
   |                                         ^^^^ not found in this scope

warning: unnecessary parentheses around function argument
  --> src/lib.rs:31:8
   |
31 |     Ok((v["name"]))
   |        ^^^^^^^^^^^ help: remove these parentheses
   |
   = note: #[warn(unused_parens)] on by default

error[E0277]: the size for values of type `str` cannot be known at compilation time
  --> src/lib.rs:23:1
   |
23 | / fn untyped_example(json) -> Result<str, Error> {
24 | |
25 | |     // Parse the string of data into serde_json::Value.
26 | |     let v: Value = serde_json::from_str(json)?;
...  |
31 | |     Ok((v["name"]))
32 | | }
   | |_^ doesn't have a size known at compile-time
   |
   = help: the trait `std::marker::Sized` is not implemented for `str`
   = note: to learn more, visit <https://doc.rust-lang.org/book/second-edition/ch19-04-advanced-types.html#dynamically-sized-types-and-the-sized-trait>
   = note: required by `std::result::Result`

error: aborting due to 3 previous errors

Some errors occurred: E0277, E0425.
For more information about an error, try `rustc --explain E0277`.
error: Could not compile `wasm-rust`.

To learn more, run the command again with --verbose.

Sep 10 18:02:39.534 ERRO Compilation of your program failed. stderr:

   Compiling wasm-rust v0.1.0 (file:///home/js2/project/wasm-rust)
error: expected one of `:` or `@`, found `)`
  --> src/lib.rs:23:24
   |
23 | fn untyped_example(json) -> Result<str, Error> {
   |                        ^ expected one of `:` or `@` here

error[E0425]: cannot find value `json` in this scope
  --> src/lib.rs:26:41
   |
26 |     let v: Value = serde_json::from_str(json)?;
   |                                         ^^^^ not found in this scope

error[E0277]: the size for values of type `str` cannot be known at compilation time
  --> src/lib.rs:23:1
   |
23 | / fn untyped_example(json) -> Result<str, Error> {
24 | |
25 | |     // Parse the string of data into serde_json::Value.
26 | |     let v: Value = serde_json::from_str(json)?;
...  |
31 | |     Ok(v["name"])
32 | | }
   | |_^ doesn't have a size known at compile-time
   |
   = help: the trait `std::marker::Sized` is not implemented for `str`
   = note: to learn more, visit <https://doc.rust-lang.org/book/second-edition/ch19-04-advanced-types.html#dynamically-sized-types-and-the-sized-trait>
   = note: required by `std::result::Result`

error: aborting due to 3 previous errors

Some errors occurred: E0277, E0425.
For more information about an error, try `rustc --explain E0277`.
error: Could not compile `wasm-rust`.

To learn more, run the command again with --verbose.

Sep 10 18:02:47.809 ERRO Compilation of your program failed. stderr:

   Compiling wasm-rust v0.1.0 (file:///home/js2/project/wasm-rust)
error: expected one of `:` or `@`, found `)`
  --> src/lib.rs:23:24
   |
23 | fn untyped_example(json) -> Result<str, Error> {
   |                        ^ expected one of `:` or `@` here

error[E0425]: cannot find value `json` in this scope
  --> src/lib.rs:26:41
   |
26 |     let v: Value = serde_json::from_str(json)?;
   |                                         ^^^^ not found in this scope

error[E0277]: the size for values of type `str` cannot be known at compilation time
  --> src/lib.rs:23:1
   |
23 | / fn untyped_example(json) -> Result<str, Error> {
24 | |
25 | |     // Parse the string of data into serde_json::Value.
26 | |     let v: Value = serde_json::from_str(json)?;
...  |
31 | |     Ok(v["name"]);
32 | | }
   | |_^ doesn't have a size known at compile-time
   |
   = help: the trait `std::marker::Sized` is not implemented for `str`
   = note: to learn more, visit <https://doc.rust-lang.org/book/second-edition/ch19-04-advanced-types.html#dynamically-sized-types-and-the-sized-trait>
   = note: required by `std::result::Result`

error: aborting due to 3 previous errors

Some errors occurred: E0277, E0425.
For more information about an error, try `rustc --explain E0277`.
error: Could not compile `wasm-rust`.

To learn more, run the command again with --verbose.

Sep 10 18:02:52.119 ERRO Compilation of your program failed. stderr:

   Compiling wasm-rust v0.1.0 (file:///home/js2/project/wasm-rust)
error: expected one of `:` or `@`, found `)`
  --> src/lib.rs:23:24
   |
23 | fn untyped_example(json) -> Result<str, Error> {
   |                        ^ expected one of `:` or `@` here

error[E0425]: cannot find value `json` in this scope
  --> src/lib.rs:26:41
   |
26 |     let v: Value = serde_json::from_str(json)?;
   |                                         ^^^^ not found in this scope

error[E0277]: the size for values of type `str` cannot be known at compilation time
  --> src/lib.rs:23:1
   |
23 | / fn untyped_example(json) -> Result<str, Error> {
24 | |
25 | |     // Parse the string of data into serde_json::Value.
26 | |     let v: Value = serde_json::from_str(json)?;
...  |
31 | |     Ok(v["name"])
32 | | }
   | |_^ doesn't have a size known at compile-time
   |
   = help: the trait `std::marker::Sized` is not implemented for `str`
   = note: to learn more, visit <https://doc.rust-lang.org/book/second-edition/ch19-04-advanced-types.html#dynamically-sized-types-and-the-sized-trait>
   = note: required by `std::result::Result`

error: aborting due to 3 previous errors

Some errors occurred: E0277, E0425.
For more information about an error, try `rustc --explain E0277`.
error: Could not compile `wasm-rust`.

To learn more, run the command again with --verbose.

Sep 10 18:04:15.453 ERRO Compilation of your program failed. stderr:

   Compiling wasm-rust v0.1.0 (file:///home/js2/project/wasm-rust)
error: expected one of `:` or `@`, found `)`
  --> src/lib.rs:23:24
   |
23 | fn untyped_example(json) -> Result<(), Error> {
   |                        ^ expected one of `:` or `@` here

error[E0425]: cannot find value `json` in this scope
  --> src/lib.rs:26:41
   |
26 |     let v: Value = serde_json::from_str(json)?;
   |                                         ^^^^ not found in this scope

error: aborting due to 2 previous errors

For more information about this error, try `rustc --explain E0425`.
error: Could not compile `wasm-rust`.

To learn more, run the command again with --verbose.

Sep 10 18:04:43.689 ERRO Compilation of your program failed. stderr:

   Compiling wasm-rust v0.1.0 (file:///home/js2/project/wasm-rust)
error[E0277]: the size for values of type `str` cannot be known at compilation time
  --> src/lib.rs:23:20
   |
23 | fn untyped_example(json: str) -> Result<(), Error> {
   |                    ^^^^ doesn't have a size known at compile-time
   |
   = help: the trait `std::marker::Sized` is not implemented for `str`
   = note: to learn more, visit <https://doc.rust-lang.org/book/second-edition/ch19-04-advanced-types.html#dynamically-sized-types-and-the-sized-trait>
   = note: all local variables must have a statically known size
   = help: unsized locals are gated as an unstable feature

error[E0308]: mismatched types
  --> src/lib.rs:26:41
   |
26 |     let v: Value = serde_json::from_str(json)?;
   |                                         ^^^^
   |                                         |
   |                                         expected &str, found str
   |                                         help: consider borrowing here: `&json`
   |
   = note: expected type `&str`
              found type `str`

error[E0308]: mismatched types
  --> src/lib.rs:36:19
   |
36 |   untyped_example(json);
   |                   ^^^^ expected str, found &str
   |
   = note: expected type `str`
              found type `&str`

error: aborting due to 3 previous errors

Some errors occurred: E0277, E0308.
For more information about an error, try `rustc --explain E0277`.
error: Could not compile `wasm-rust`.

To learn more, run the command again with --verbose.

Sep 10 18:07:51.259 ERRO Installing wasm-bindgen failed. stderr:

    Updating registry `https://github.com/rust-lang/crates.io-index`
warning: spurious network error (2 tries remaining): SSL error: error:140E0197:SSL routines:SSL_shutdown:shutdown while in init; class=Net (12)
warning: spurious network error (1 tries remaining): SSL error: error:140E0197:SSL routines:SSL_shutdown:shutdown while in init; class=Net (12)
error: failed to fetch `https://github.com/rust-lang/crates.io-index`

Caused by:
  SSL error: error:140E0197:SSL routines:SSL_shutdown:shutdown while in init; class=Net (12)

Sep 10 18:53:39.218 ERRO Compilation of your program failed. stderr:

   Compiling wasm-rust v0.1.0 (file:///home/js2/project/wasm-rust)
error[E0308]: mismatched types
  --> src/lib.rs:31:8
   |
31 |     Ok(v["name"])
   |        ^^^^^^^^^
   |        |
   |        expected struct `std::string::String`, found enum `serde_json::Value`
   |        help: try using a conversion method: `v["name"].to_string()`
   |
   = note: expected type `std::string::String`
              found type `serde_json::Value`

error[E0308]: mismatched types
  --> src/lib.rs:37:5
   |
37 |     None => "0",
   |     ^^^^ expected enum `std::result::Result`, found enum `std::option::Option`
   |
   = note: expected type `std::result::Result<std::string::String, serde_json::Error>`
              found type `std::option::Option<_>`

error[E0308]: mismatched types
  --> src/lib.rs:38:5
   |
38 |     Some(result) => result,
   |     ^^^^^^^^^^^^ expected enum `std::result::Result`, found enum `std::option::Option`
   |
   = note: expected type `std::result::Result<std::string::String, serde_json::Error>`
              found type `std::option::Option<_>`

error[E0308]: match arms have incompatible types
  --> src/lib.rs:36:3
   |
36 | /   match untyped_example(json) {
37 | |     None => "0",
   | |             --- match arm with an incompatible type
38 | |     Some(result) => result,
39 | |   }
   | |___^ expected struct `std::string::String`, found reference
   |
   = note: expected type `std::string::String`
              found type `&'static str`

error: aborting due to 4 previous errors

For more information about this error, try `rustc --explain E0308`.
error: Could not compile `wasm-rust`.

To learn more, run the command again with --verbose.

Sep 10 18:54:53.455 ERRO Compilation of your program failed. stderr:

   Compiling wasm-rust v0.1.0 (file:///home/js2/project/wasm-rust)
error[E0308]: mismatched types
  --> src/lib.rs:31:8
   |
31 |     Ok(v["name"])
   |        ^^^^^^^^^
   |        |
   |        expected struct `std::string::String`, found enum `serde_json::Value`
   |        help: try using a conversion method: `v["name"].to_string()`
   |
   = note: expected type `std::string::String`
              found type `serde_json::Value`

error[E0308]: match arms have incompatible types
  --> src/lib.rs:36:3
   |
36 | /   match untyped_example(json).ok() {
37 | |     None => "0",
   | |             --- match arm with an incompatible type
38 | |     Some(result) => result,
39 | |   }
   | |___^ expected struct `std::string::String`, found reference
   |
   = note: expected type `std::string::String`
              found type `&'static str`

error: aborting due to 2 previous errors

For more information about this error, try `rustc --explain E0308`.
error: Could not compile `wasm-rust`.

To learn more, run the command again with --verbose.

Sep 10 18:57:25.302 ERRO Compilation of your program failed. stderr:

   Compiling wasm-rust v0.1.0 (file:///home/js2/project/wasm-rust)
error[E0308]: mismatched types
  --> src/lib.rs:31:8
   |
31 |     Ok(v["name"])
   |        ^^^^^^^^^
   |        |
   |        expected struct `std::string::String`, found enum `serde_json::Value`
   |        help: try using a conversion method: `v["name"].to_string()`
   |
   = note: expected type `std::string::String`
              found type `serde_json::Value`

error[E0308]: mismatched types
  --> src/lib.rs:37:5
   |
37 |     None => "0",
   |     ^^^^ expected enum `std::result::Result`, found enum `std::option::Option`
   |
   = note: expected type `std::result::Result<std::string::String, serde_json::Error>`
              found type `std::option::Option<_>`

error[E0308]: mismatched types
  --> src/lib.rs:38:5
   |
38 |     Some(result) => result,
   |     ^^^^^^^^^^^^ expected enum `std::result::Result`, found enum `std::option::Option`
   |
   = note: expected type `std::result::Result<std::string::String, serde_json::Error>`
              found type `std::option::Option<_>`

error[E0308]: match arms have incompatible types
  --> src/lib.rs:36:3
   |
36 | /   match untyped_example(json) {
37 | |     None => "0",
   | |             --- match arm with an incompatible type
38 | |     Some(result) => result,
39 | |   }
   | |___^ expected struct `std::string::String`, found reference
   |
   = note: expected type `std::string::String`
              found type `&'static str`

error: aborting due to 4 previous errors

For more information about this error, try `rustc --explain E0308`.
error: Could not compile `wasm-rust`.

To learn more, run the command again with --verbose.

Sep 10 18:57:32.513 ERRO Compilation of your program failed. stderr:

   Compiling wasm-rust v0.1.0 (file:///home/js2/project/wasm-rust)
error[E0308]: mismatched types
  --> src/lib.rs:31:8
   |
31 |     Ok(v["name"])
   |        ^^^^^^^^^
   |        |
   |        expected struct `std::string::String`, found enum `serde_json::Value`
   |        help: try using a conversion method: `v["name"].to_string()`
   |
   = note: expected type `std::string::String`
              found type `serde_json::Value`

error[E0308]: mismatched types
  --> src/lib.rs:37:5
   |
37 |     None => "0",
   |     ^^^^ expected enum `std::result::Result`, found enum `std::option::Option`
   |
   = note: expected type `std::result::Result<std::string::String, serde_json::Error>`
              found type `std::option::Option<_>`

error[E0308]: mismatched types
  --> src/lib.rs:38:5
   |
38 |     Some(result) => result,
   |     ^^^^^^^^^^^^ expected enum `std::result::Result`, found enum `std::option::Option`
   |
   = note: expected type `std::result::Result<std::string::String, serde_json::Error>`
              found type `std::option::Option<_>`

error[E0308]: match arms have incompatible types
  --> src/lib.rs:36:3
   |
36 | /   match untyped_example(json) {
37 | |     None => "0",
   | |             --- match arm with an incompatible type
38 | |     Some(result) => result,
39 | |   }
   | |___^ expected struct `std::string::String`, found reference
   |
   = note: expected type `std::string::String`
              found type `&'static str`

error: aborting due to 4 previous errors

For more information about this error, try `rustc --explain E0308`.
error: Could not compile `wasm-rust`.

To learn more, run the command again with --verbose.

Sep 10 18:58:00.802 ERRO Compilation of your program failed. stderr:

   Compiling wasm-rust v0.1.0 (file:///home/js2/project/wasm-rust)
error[E0308]: mismatched types
  --> src/lib.rs:37:5
   |
37 |     None => "0",
   |     ^^^^ expected enum `std::result::Result`, found enum `std::option::Option`
   |
   = note: expected type `std::result::Result<serde_json::Value, serde_json::Error>`
              found type `std::option::Option<_>`

error[E0308]: mismatched types
  --> src/lib.rs:38:5
   |
38 |     Some(result) => result,
   |     ^^^^^^^^^^^^ expected enum `std::result::Result`, found enum `std::option::Option`
   |
   = note: expected type `std::result::Result<serde_json::Value, serde_json::Error>`
              found type `std::option::Option<_>`

error[E0308]: match arms have incompatible types
  --> src/lib.rs:36:3
   |
36 | /   match untyped_example(json) {
37 | |     None => "0",
   | |             --- match arm with an incompatible type
38 | |     Some(result) => result,
39 | |   }
   | |___^ expected struct `std::string::String`, found reference
   |
   = note: expected type `std::string::String`
              found type `&'static str`

error: aborting due to 3 previous errors

For more information about this error, try `rustc --explain E0308`.
error: Could not compile `wasm-rust`.

To learn more, run the command again with --verbose.

Sep 10 19:12:47.474 ERRO Compilation of your program failed. stderr:

   Compiling wasm-rust v0.1.0 (file:///home/js2/project/wasm-rust)
error: expected one of `!`, `,`, `.`, `::`, `?`, `{`, `}`, or an operator, found `=>`
  --> src/lib.rs:37:21
   |
37 |     Err(val) => val => "0",
   |              --     ^^ expected one of 8 possible tokens here
   |              |
   |              while parsing the `match` arm starting here

error: aborting due to previous error

error: Could not compile `wasm-rust`.

To learn more, run the command again with --verbose.

Sep 10 19:12:56.898 ERRO Compilation of your program failed. stderr:

   Compiling wasm-rust v0.1.0 (file:///home/js2/project/wasm-rust)
error[E0308]: match arms have incompatible types
  --> src/lib.rs:36:3
   |
36 | /   match untyped_example(json) {
37 | |     Err(val) => "0",
   | |                 --- match arm with an incompatible type
38 | |     Ok(result) => result,
39 | |   }
   | |___^ expected struct `std::string::String`, found reference
   |
   = note: expected type `std::string::String`
              found type `&'static str`

error: aborting due to previous error

For more information about this error, try `rustc --explain E0308`.
error: Could not compile `wasm-rust`.

To learn more, run the command again with --verbose.

Sep 10 19:13:20.224 ERRO Compilation of your program failed. stderr:

   Compiling wasm-rust v0.1.0 (file:///home/js2/project/wasm-rust)
error[E0308]: match arms have incompatible types
  --> src/lib.rs:36:3
   |
36 | /   match untyped_example(json) {
37 | |     Err(val) => "0",
   | |                 --- match arm with an incompatible type
38 | |     Ok(result) => "1",
39 | |   }
   | |___^ expected struct `std::string::String`, found reference
   |
   = note: expected type `std::string::String`
              found type `&'static str`

error: aborting due to previous error

For more information about this error, try `rustc --explain E0308`.
error: Could not compile `wasm-rust`.

To learn more, run the command again with --verbose.

Sep 10 19:18:24.263 ERRO Compilation of your program failed. stderr:

   Compiling wasm-rust v0.1.0 (file:///home/js2/project/wasm-rust)
error[E0308]: match arms have incompatible types
  --> src/lib.rs:36:3
   |
36 | /   match untyped_example(json) {
37 | |     Ok(result) => "1",
   | |                   --- match arm with an incompatible type
38 | |     Err(val) => "0",
39 | |   }
   | |___^ expected struct `std::string::String`, found reference
   |
   = note: expected type `std::string::String`
              found type `&'static str`

error: aborting due to previous error

For more information about this error, try `rustc --explain E0308`.
error: Could not compile `wasm-rust`.

To learn more, run the command again with --verbose.

Sep 10 19:18:37.404 ERRO Compilation of your program failed. stderr:

   Compiling wasm-rust v0.1.0 (file:///home/js2/project/wasm-rust)
error[E0308]: mismatched types
  --> src/lib.rs:35:46
   |
35 |   pub fn controllSumJSON(json: &str) -> String {
   |  ______________________________________________^
36 | |   match untyped_example(json) {
37 | |     Ok(result) => "1",
38 | |     Err(val) => "0",
39 | |   };
40 | | }
   | |_^ expected struct `std::string::String`, found ()
   |
   = note: expected type `std::string::String`
              found type `()`

error: aborting due to previous error

For more information about this error, try `rustc --explain E0308`.
error: Could not compile `wasm-rust`.

To learn more, run the command again with --verbose.

Sep 10 19:19:20.869 ERRO Compilation of your program failed. stderr:

   Compiling wasm-rust v0.1.0 (file:///home/js2/project/wasm-rust)
error: cannot return a borrowed ref with #[wasm_bindgen]
  --> src/lib.rs:35:39
   |
35 | pub fn controllSumJSON(json: &str) -> &str {
   |                                       ^^^^

error: aborting due to previous error

error: Could not compile `wasm-rust`.

To learn more, run the command again with --verbose.

Sep 10 19:19:27.416 ERRO Compilation of your program failed. stderr:

   Compiling wasm-rust v0.1.0 (file:///home/js2/project/wasm-rust)
error[E0277]: the trait bound `str: wasm_bindgen::convert::IntoWasmAbi` is not satisfied
  --> src/lib.rs:34:1
   |
34 | #[wasm_bindgen]
   | ^^^^^^^^^^^^^^^ the trait `wasm_bindgen::convert::IntoWasmAbi` is not implemented for `str`
   |
   = help: the following implementations were found:
             <&'a str as wasm_bindgen::convert::IntoWasmAbi>

error: aborting due to previous error

For more information about this error, try `rustc --explain E0277`.
error: Could not compile `wasm-rust`.

To learn more, run the command again with --verbose.

Sep 10 19:19:33.142 ERRO Compilation of your program failed. stderr:

   Compiling wasm-rust v0.1.0 (file:///home/js2/project/wasm-rust)
error[E0308]: match arms have incompatible types
  --> src/lib.rs:36:3
   |
36 | /   match untyped_example(json) {
37 | |     Ok(result) => "1",
   | |                   --- match arm with an incompatible type
38 | |     Err(val) => "0",
39 | |   }
   | |___^ expected struct `std::string::String`, found reference
   |
   = note: expected type `std::string::String`
              found type `&'static str`

error: aborting due to previous error

For more information about this error, try `rustc --explain E0308`.
error: Could not compile `wasm-rust`.

To learn more, run the command again with --verbose.

Sep 10 19:20:07.472 ERRO Compilation of your program failed. stderr:

   Compiling wasm-rust v0.1.0 (file:///home/js2/project/wasm-rust)
error[E0308]: mismatched types
  --> src/lib.rs:31:8
   |
31 |     Ok(v["name"])
   |        ^^^^^^^^^
   |        |
   |        expected struct `std::string::String`, found enum `serde_json::Value`
   |        help: try using a conversion method: `v["name"].to_string()`
   |
   = note: expected type `std::string::String`
              found type `serde_json::Value`

error[E0308]: match arms have incompatible types
  --> src/lib.rs:36:3
   |
36 | /   match untyped_example(json) {
37 | |     Ok(result) => "1",
   | |                   --- match arm with an incompatible type
38 | |     Err(val) => "0",
39 | |   }
   | |___^ expected struct `std::string::String`, found reference
   |
   = note: expected type `std::string::String`
              found type `&'static str`

error: aborting due to 2 previous errors

For more information about this error, try `rustc --explain E0308`.
error: Could not compile `wasm-rust`.

To learn more, run the command again with --verbose.

Sep 10 19:20:55.448 ERRO Compilation of your program failed. stderr:

   Compiling wasm-rust v0.1.0 (file:///home/js2/project/wasm-rust)
error[E0308]: match arms have incompatible types
  --> src/lib.rs:36:3
   |
36 | /   match untyped_example(json) {
37 | |     Ok(result) => "1",
   | |                   --- match arm with an incompatible type
38 | |     Err(val) => "0",
39 | |   }
   | |___^ expected struct `std::string::String`, found reference
   |
   = note: expected type `std::string::String`
              found type `&'static str`

error: aborting due to previous error

For more information about this error, try `rustc --explain E0308`.
error: Could not compile `wasm-rust`.

To learn more, run the command again with --verbose.

Sep 10 19:23:06.257 ERRO Compilation of your program failed. stderr:

   Compiling wasm-rust v0.1.0 (file:///home/js2/project/wasm-rust)
error[E0308]: match arms have incompatible types
  --> src/lib.rs:36:3
   |
36 | /   match untyped_example(json) {
37 | |     Ok(result) => "1",
   | |                   --- match arm with an incompatible type
38 | |     Err(err) => "0",
39 | |   }
   | |___^ expected struct `std::string::String`, found reference
   |
   = note: expected type `std::string::String`
              found type `&'static str`

error: aborting due to previous error

For more information about this error, try `rustc --explain E0308`.
error: Could not compile `wasm-rust`.

To learn more, run the command again with --verbose.

Sep 10 19:23:33.611 ERRO Compilation of your program failed. stderr:

   Compiling wasm-rust v0.1.0 (file:///home/js2/project/wasm-rust)
error[E0308]: match arms have incompatible types
  --> src/lib.rs:36:10
   |
36 |     return match untyped_example(json) {
   |  __________^
37 | |     Ok(result) => "1",
   | |                   --- match arm with an incompatible type
38 | |     Err(err) => "0",
39 | |   }
   | |___^ expected struct `std::string::String`, found reference
   |
   = note: expected type `std::string::String`
              found type `&'static str`

error: aborting due to previous error

For more information about this error, try `rustc --explain E0308`.
error: Could not compile `wasm-rust`.

To learn more, run the command again with --verbose.

Sep 10 19:23:38.653 ERRO Compilation of your program failed. stderr:

   Compiling wasm-rust v0.1.0 (file:///home/js2/project/wasm-rust)
error[E0308]: match arms have incompatible types
  --> src/lib.rs:36:3
   |
36 | /   match untyped_example(json) {
37 | |     Ok(result) => "1",
   | |                   --- match arm with an incompatible type
38 | |     Err(err) => "0",
39 | |   }
   | |___^ expected struct `std::string::String`, found reference
   |
   = note: expected type `std::string::String`
              found type `&'static str`

error: aborting due to previous error

For more information about this error, try `rustc --explain E0308`.
error: Could not compile `wasm-rust`.

To learn more, run the command again with --verbose.

Sep 10 19:26:20.519 ERRO Compilation of your program failed. stderr:

   Compiling wasm-rust v0.1.0 (file:///home/js2/project/wasm-rust)
error[E0599]: no method named `to_String` found for type `&'static str` in the current scope
  --> src/lib.rs:37:23
   |
37 |     Ok(result) => "1".to_String(),
   |                       ^^^^^^^^^

error[E0599]: no method named `to_String` found for type `&'static str` in the current scope
  --> src/lib.rs:38:21
   |
38 |     Err(err) => "0".to_String(),
   |                     ^^^^^^^^^

error: aborting due to 2 previous errors

For more information about this error, try `rustc --explain E0599`.
error: Could not compile `wasm-rust`.

To learn more, run the command again with --verbose.

Sep 10 19:26:51.214 ERRO Compilation of your program failed. stderr:

   Compiling wasm-rust v0.1.0 (file:///home/js2/project/wasm-rust)
warning: unused variable: `result`
  --> src/lib.rs:37:8
   |
37 |     Ok(result) => "1".to_string(),
   |        ^^^^^^ help: consider using `_result` instead
   |
   = note: #[warn(unused_variables)] on by default

warning: unused variable: `err`
  --> src/lib.rs:38:9
   |
38 |     Err(err) => "0".to_string(),
   |         ^^^ help: consider using `_err` instead

error[E0507]: cannot move out of indexed content
  --> src/lib.rs:31:8
   |
31 |     Ok(v["name"])
   |        ^^^^^^^^^ cannot move out of indexed content

error: aborting due to previous error

For more information about this error, try `rustc --explain E0507`.
error: Could not compile `wasm-rust`.

To learn more, run the command again with --verbose.

Sep 10 19:36:51.586 ERRO Compilation of your program failed. stderr:

   Compiling wasm-rust v0.1.0 (file:///home/js2/project/wasm-rust)
warning: unused variable: `result`
  --> src/lib.rs:37:8
   |
37 |     Ok(result) => "1".to_string(),
   |        ^^^^^^ help: consider using `_result` instead
   |
   = note: #[warn(unused_variables)] on by default

warning: unused variable: `err`
  --> src/lib.rs:38:9
   |
38 |     Err(err) => "0".to_string(),
   |         ^^^ help: consider using `_err` instead

error[E0507]: cannot move out of indexed content
  --> src/lib.rs:31:8
   |
31 |     Ok(v["name"])
   |        ^^^^^^^^^ cannot move out of indexed content

error: aborting due to previous error

For more information about this error, try `rustc --explain E0507`.
error: Could not compile `wasm-rust`.

To learn more, run the command again with --verbose.

Sep 10 19:38:33.266 ERRO Compilation of your program failed. stderr:

   Compiling wasm-rust v0.1.0 (file:///home/js2/project/wasm-rust)
warning: unused variable: `result`
  --> src/lib.rs:37:8
   |
37 |     Ok(result) => "1".to_string(),
   |        ^^^^^^ help: consider using `_result` instead
   |
   = note: #[warn(unused_variables)] on by default

warning: unused variable: `err`
  --> src/lib.rs:38:9
   |
38 |     Err(err) => "0".to_string(),
   |         ^^^ help: consider using `_err` instead

error[E0596]: cannot borrow immutable local variable `v` as mutable
  --> src/lib.rs:31:8
   |
26 |     let v: Value = serde_json::from_str(json)?;
   |         - consider changing this to `mut v`
...
31 |     Ok(v["name"].take())
   |        ^ cannot borrow mutably

error: aborting due to previous error

For more information about this error, try `rustc --explain E0596`.
error: Could not compile `wasm-rust`.

To learn more, run the command again with --verbose.

